<?xml version="1.0" encoding="UTF-8"?>
<testng-results skipped="0" failed="0" ignored="0" total="21" passed="21">
  <reporter-output>
  </reporter-output>
  <suite name="Surefire suite" duration-ms="316446" started-at="2018-02-07T05:38:07Z" finished-at="2018-02-07T05:43:23Z">
    <groups>
    </groups>
    <test name="Surefire test" duration-ms="316446" started-at="2018-02-07T05:38:07Z" finished-at="2018-02-07T05:43:23Z">
      <class name="com.automation.tests.LongTermParkingTests">
        <test-method status="PASS" signature="setup()[pri:0, instance:com.automation.tests.LongTermParkingTests@97e1986]" name="setup" is-config="true" duration-ms="4898" started-at="2018-02-07T00:38:07Z" finished-at="2018-02-07T00:38:12Z">
          <reporter-output>
          </reporter-output>
        </test-method> <!-- setup -->
        <test-method status="PASS" signature="JQueryTest()[pri:0, instance:com.automation.tests.LongTermParkingTests@97e1986]" name="JQueryTest" duration-ms="3879" started-at="2018-02-07T00:38:12Z" finished-at="2018-02-07T00:38:16Z">
          <reporter-output>
          </reporter-output>
        </test-method> <!-- JQueryTest -->
        <test-method status="PASS" signature="selectALot()[pri:1, instance:com.automation.tests.LongTermParkingTests@97e1986]" name="selectALot" duration-ms="10266" started-at="2018-02-07T00:38:16Z" finished-at="2018-02-07T00:38:26Z">
          <reporter-output>
          </reporter-output>
        </test-method> <!-- selectALot -->
        <test-method status="PASS" signature="selectTime()[pri:2, instance:com.automation.tests.LongTermParkingTests@97e1986]" name="selectTime" duration-ms="23550" started-at="2018-02-07T00:38:26Z" finished-at="2018-02-07T00:38:49Z">
          <reporter-output>
          </reporter-output>
        </test-method> <!-- selectTime -->
        <test-method status="PASS" signature="leavingTime()[pri:3, instance:com.automation.tests.LongTermParkingTests@97e1986]" name="leavingTime" duration-ms="23464" started-at="2018-02-07T00:38:49Z" finished-at="2018-02-07T00:39:13Z">
          <reporter-output>
          </reporter-output>
        </test-method> <!-- leavingTime -->
        <test-method status="PASS" signature="Calculate()[pri:4, instance:com.automation.tests.LongTermParkingTests@97e1986]" name="Calculate" duration-ms="5406" started-at="2018-02-07T00:39:13Z" finished-at="2018-02-07T00:39:18Z">
          <reporter-output>
          </reporter-output>
        </test-method> <!-- Calculate -->
        <test-method status="PASS" signature="selectALot2()[pri:5, instance:com.automation.tests.LongTermParkingTests@97e1986]" name="selectALot2" duration-ms="10202" started-at="2018-02-07T00:39:18Z" finished-at="2018-02-07T00:39:29Z">
          <reporter-output>
          </reporter-output>
        </test-method> <!-- selectALot2 -->
        <test-method status="PASS" signature="selectTime2()[pri:6, instance:com.automation.tests.LongTermParkingTests@97e1986]" name="selectTime2" duration-ms="18355" started-at="2018-02-07T00:39:29Z" finished-at="2018-02-07T00:39:47Z">
          <reporter-output>
          </reporter-output>
        </test-method> <!-- selectTime2 -->
        <test-method status="PASS" signature="leavingTime2()[pri:7, instance:com.automation.tests.LongTermParkingTests@97e1986]" name="leavingTime2" duration-ms="23421" started-at="2018-02-07T00:39:47Z" finished-at="2018-02-07T00:40:10Z">
          <reporter-output>
          </reporter-output>
        </test-method> <!-- leavingTime2 -->
        <test-method status="PASS" signature="Calculate2()[pri:8, instance:com.automation.tests.LongTermParkingTests@97e1986]" name="Calculate2" duration-ms="5404" started-at="2018-02-07T00:40:10Z" finished-at="2018-02-07T00:40:16Z">
          <reporter-output>
          </reporter-output>
        </test-method> <!-- Calculate2 -->
        <test-method status="PASS" signature="selectALot3()[pri:9, instance:com.automation.tests.LongTermParkingTests@97e1986]" name="selectALot3" duration-ms="10186" started-at="2018-02-07T00:40:16Z" finished-at="2018-02-07T00:40:26Z">
          <reporter-output>
          </reporter-output>
        </test-method> <!-- selectALot3 -->
        <test-method status="PASS" signature="selectTime3()[pri:10, instance:com.automation.tests.LongTermParkingTests@97e1986]" name="selectTime3" duration-ms="23496" started-at="2018-02-07T00:40:26Z" finished-at="2018-02-07T00:40:49Z">
          <reporter-output>
          </reporter-output>
        </test-method> <!-- selectTime3 -->
        <test-method status="PASS" signature="leavingTime3()[pri:11, instance:com.automation.tests.LongTermParkingTests@97e1986]" name="leavingTime3" duration-ms="23442" started-at="2018-02-07T00:40:49Z" finished-at="2018-02-07T00:41:13Z">
          <reporter-output>
          </reporter-output>
        </test-method> <!-- leavingTime3 -->
        <test-method status="PASS" signature="Calculate3()[pri:12, instance:com.automation.tests.LongTermParkingTests@97e1986]" name="Calculate3" duration-ms="5452" started-at="2018-02-07T00:41:13Z" finished-at="2018-02-07T00:41:18Z">
          <reporter-output>
          </reporter-output>
        </test-method> <!-- Calculate3 -->
        <test-method status="PASS" signature="selectALot4()[pri:13, instance:com.automation.tests.LongTermParkingTests@97e1986]" name="selectALot4" duration-ms="10210" started-at="2018-02-07T00:41:18Z" finished-at="2018-02-07T00:41:28Z">
          <reporter-output>
          </reporter-output>
        </test-method> <!-- selectALot4 -->
        <test-method status="PASS" signature="selectTime4()[pri:14, instance:com.automation.tests.LongTermParkingTests@97e1986]" name="selectTime4" duration-ms="23416" started-at="2018-02-07T00:41:28Z" finished-at="2018-02-07T00:41:52Z">
          <reporter-output>
          </reporter-output>
        </test-method> <!-- selectTime4 -->
        <test-method status="PASS" signature="leavingTime4()[pri:15, instance:com.automation.tests.LongTermParkingTests@97e1986]" name="leavingTime4" duration-ms="23438" started-at="2018-02-07T00:41:52Z" finished-at="2018-02-07T00:42:15Z">
          <reporter-output>
          </reporter-output>
        </test-method> <!-- leavingTime4 -->
        <test-method status="PASS" signature="Calculate4()[pri:16, instance:com.automation.tests.LongTermParkingTests@97e1986]" name="Calculate4" duration-ms="5399" started-at="2018-02-07T00:42:15Z" finished-at="2018-02-07T00:42:21Z">
          <reporter-output>
          </reporter-output>
        </test-method> <!-- Calculate4 -->
        <test-method status="PASS" signature="selectALot5()[pri:17, instance:com.automation.tests.LongTermParkingTests@97e1986]" name="selectALot5" duration-ms="10186" started-at="2018-02-07T00:42:21Z" finished-at="2018-02-07T00:42:31Z">
          <reporter-output>
          </reporter-output>
        </test-method> <!-- selectALot5 -->
        <test-method status="PASS" signature="selectTime5()[pri:18, instance:com.automation.tests.LongTermParkingTests@97e1986]" name="selectTime5" duration-ms="23471" started-at="2018-02-07T00:42:31Z" finished-at="2018-02-07T00:42:54Z">
          <reporter-output>
          </reporter-output>
        </test-method> <!-- selectTime5 -->
        <test-method status="PASS" signature="leavingTime5()[pri:19, instance:com.automation.tests.LongTermParkingTests@97e1986]" name="leavingTime5" duration-ms="23434" started-at="2018-02-07T00:42:54Z" finished-at="2018-02-07T00:43:18Z">
          <reporter-output>
          </reporter-output>
        </test-method> <!-- leavingTime5 -->
        <test-method status="PASS" signature="Calculate5()[pri:20, instance:com.automation.tests.LongTermParkingTests@97e1986]" name="Calculate5" duration-ms="5404" started-at="2018-02-07T00:43:18Z" finished-at="2018-02-07T00:43:23Z">
          <reporter-output>
          </reporter-output>
        </test-method> <!-- Calculate5 -->
        <test-method status="FAIL" signature="afterEachTestComplete(org.testng.ITestResult)[pri:0, instance:com.automation.tests.LongTermParkingTests@97e1986]" name="afterEachTestComplete" is-config="true" duration-ms="0" started-at="2018-02-07T00:43:23Z" finished-at="2018-02-07T00:43:23Z">
          <exception class="java.lang.IllegalArgumentException">
            <message>
              <![CDATA[wrong number of arguments]]>
            </message>
            <full-stacktrace>
              <![CDATA[java.lang.IllegalArgumentException: wrong number of arguments
	at sun.reflect.NativeMethodAccessorImpl.invoke0(Native Method)
	at sun.reflect.NativeMethodAccessorImpl.invoke(NativeMethodAccessorImpl.java:62)
	at sun.reflect.DelegatingMethodAccessorImpl.invoke(DelegatingMethodAccessorImpl.java:43)
	at java.lang.reflect.Method.invoke(Method.java:498)
	at org.testng.internal.MethodInvocationHelper.invokeMethod(MethodInvocationHelper.java:108)
	at org.testng.internal.Invoker.invokeConfigurationMethod(Invoker.java:523)
	at org.testng.internal.Invoker.invokeConfigurations(Invoker.java:224)
	at org.testng.internal.Invoker.invokeConfigurations(Invoker.java:146)
	at org.testng.TestRunner.afterRun(TestRunner.java:958)
	at org.testng.TestRunner.run(TestRunner.java:606)
	at org.testng.SuiteRunner.runTest(SuiteRunner.java:380)
	at org.testng.SuiteRunner.runSequentially(SuiteRunner.java:375)
	at org.testng.SuiteRunner.privateRun(SuiteRunner.java:340)
	at org.testng.SuiteRunner.run(SuiteRunner.java:289)
	at org.testng.SuiteRunnerWorker.runSuite(SuiteRunnerWorker.java:52)
	at org.testng.SuiteRunnerWorker.run(SuiteRunnerWorker.java:86)
	at org.testng.TestNG.runSuitesSequentially(TestNG.java:1301)
	at org.testng.TestNG.runSuitesLocally(TestNG.java:1226)
	at org.testng.TestNG.runSuites(TestNG.java:1144)
	at org.testng.TestNG.run(TestNG.java:1115)
	at org.apache.maven.surefire.testng.TestNGExecutor.run(TestNGExecutor.java:135)
	at org.apache.maven.surefire.testng.TestNGDirectoryTestSuite.executeSingleClass(TestNGDirectoryTestSuite.java:112)
	at org.apache.maven.surefire.testng.TestNGDirectoryTestSuite.execute(TestNGDirectoryTestSuite.java:99)
	at org.apache.maven.surefire.testng.TestNGProvider.invoke(TestNGProvider.java:146)
	at org.apache.maven.surefire.booter.ForkedBooter.invokeProviderInSameClassLoader(ForkedBooter.java:373)
	at org.apache.maven.surefire.booter.ForkedBooter.runSuitesInProcess(ForkedBooter.java:334)
	at org.apache.maven.surefire.booter.ForkedBooter.execute(ForkedBooter.java:119)
	at org.apache.maven.surefire.booter.ForkedBooter.main(ForkedBooter.java:407)
]]>
            </full-stacktrace>
          </exception> <!-- java.lang.IllegalArgumentException -->
          <reporter-output>
          </reporter-output>
        </test-method> <!-- afterEachTestComplete -->
      </class> <!-- com.automation.tests.LongTermParkingTests -->
    </test> <!-- Surefire test -->
  </suite> <!-- Surefire suite -->
</testng-results>
